%% Analysis results:
{  analysis_options,
 [{callers, true},
  {sort, own},
  {totals, false},
  {details, true}]}.

%                                               CNT       ACC       OWN        
[{ totals,                                     2750463, 7653.629, 7621.650}].  %%%


%                                               CNT       ACC       OWN        
[{ "<0.48.0>",                                 2750463,undefined, 7621.650}].   %%

{[{{'Elixir.HashSet',do_fold,4},               370256,    0.000, 1182.878},      
  {{'Elixir.HashSet',set_fold,3},              29637, 2198.964,  143.537},      
  {{'Elixir.HashSet',do_fold_each,3},          16645,    0.000,   30.008}],     
 { {'Elixir.HashSet',do_fold,4},               416538, 2198.964, 1356.423},     %
 [{{'Elixir.HashSet',do_fold,4},               370256,    0.000, 1182.878},      
  {{'Elixir.HashSet',do_fold_each,3},          370256,  870.962,  666.636},      
  {garbage_collect,                              23,    0.162,    0.162},      
  {suspend,                                     314,    1.451,    0.000}]}.    

{[{{'Elixir.Enum','-reduce/3-lists^foldl/2-0-',3},175644,    0.000,  601.727},      
  {{'Elixir.Enum',reduce,3},                   53935, 7533.332,  185.546}],     
 { {'Elixir.Enum','-reduce/3-lists^foldl/2-0-',3},229579, 7533.332,  787.273},     %
 [{{'Elixir.Enum','-reduce/3-lists^foldl/2-0-',3},175644,    0.000,  601.727},      
  {{'Elixir.Enum','-filter/2-fun-0-',3},       100920, 7005.418,  368.981},      
  {{'Elixir.Enum','-map/2-fun-0-',3},          63809, 2234.286,  233.151},      
  {{'Elixir.Enum','-chunk/4-fun-0-',5},        7938,   27.348,   19.843},      
  {{'Elixir.Enum','-reject/2-fun-0-',3},        280,    5.366,    1.259},      
  {{'Elixir.Enum','-do_into/2-fun-0-',3},       263,    5.573,    0.637},      
  {garbage_collect,                              25,    0.211,    0.211},      
  {{'Elixir.WeiqiDMC.Board','-process_move/5-fun-3-',2},  22,    2.849,    0.064},      
  {{'Elixir.WeiqiDMC.Board','-process_move/5-fun-5-',2},  22,    3.127,    0.048},      
  {{'Elixir.WeiqiDMC.Player.MCRave','-count_stones/2-fun-1-',2},   6,    0.302,    0.011},      
  {suspend,                                      91,    0.437,    0.000}]}.    

{[{{'Elixir.HashSet',do_fold,4},               370256,  870.962,  666.636}],     
 { {'Elixir.HashSet',do_fold_each,3},          370256,  870.962,  666.636},     %
 [{{'Elixir.HashSet','-to_list/1-fun-0-',2},   92761,  150.227,  149.965},      
  {{'Elixir.HashSet',do_fold,4},               16645,    0.000,   30.008},      
  {{'Elixir.HashSet','-intersection/2-fun-0-',3},1577,   21.404,    6.765},      
  {garbage_collect,                              45,    0.354,    0.354},      
  {{'Elixir.HashSet','-union/2-fun-0-',2},       76,    1.389,    0.163},      
  {{'Elixir.HashSet','-union/2-fun-1-',2},       40,    0.748,    0.080},      
  {suspend,                                      36,    0.170,    0.000}]}.    

{[{{'Elixir.Enum','-reduce/3-lists^foldl/2-0-',3},100920, 7005.418,  368.981}],     
 { {'Elixir.Enum','-filter/2-fun-0-',3},       100920, 7005.418,  368.981},     %
 [{{'Elixir.WeiqiDMC.Board','-pre_compute_valide_move/2-fun-1-',3},13529,  128.135,   77.492},      
  {{'Elixir.WeiqiDMC.Board','-pre_compute_valide_move/2-fun-0-',2},13529,   79.121,   52.004},      
  {{'Elixir.WeiqiDMC.Board','-pre_compute_valide_move/2-fun-3-',3},13529,   77.677,   51.798},      
  {{'Elixir.WeiqiDMC.Board','-surroundings/2-fun-1-',1},29044,   51.693,   51.631},      
  {{'Elixir.WeiqiDMC.Board','-is_eyeish_for?/3-fun-1-',2},12117,   20.504,   20.497},      
  {{'Elixir.WeiqiDMC.Board.State','-empty_coordinates/1-fun-0-',1},7938,   15.035,   14.963},      
  {{'Elixir.WeiqiDMC.Player.MCRave','-default_policy/1-fun-0-',2},3490, 3237.981,   12.282},      
  {{'Elixir.WeiqiDMC.Board','-pre_compute_valide_move/2-fun-7-',2},2453,  290.030,   10.134},      
  {{'Elixir.WeiqiDMC.Player.MCRave','-legal_moves/1-fun-0-',2},3726, 3634.236,    8.217},      
  {{'Elixir.WeiqiDMC.Board','-process_move/5-fun-1-',3},1480,   10.046,    2.892},      
  {{'Elixir.WeiqiDMC.Board','-compute_valid_move/3-fun-0-',3},  85,   23.848,    0.793},      
  {garbage_collect,                              38,    0.383,    0.383},      
  {suspend,                                      20,    0.349,    0.000}]}.    

{[{{'Elixir.Set','member?',2},                 63665,  467.410,  241.009},      
  {{'Elixir.Enum',do_uniq,3},                  5819,   52.056,   23.160},      
  {{'Elixir.HashSet','-intersection/2-fun-0-',3},1577,   13.675,    7.190}],     
 { {'Elixir.HashSet','member?',2},             71061,  533.141,  271.359},     %
 [{{erlang,phash2,1},                          71061,  129.661,  129.661},      
  {{'Elixir.HashSet','do_member?',3},          71061,  132.008,  126.287},      
  {garbage_collect,                               5,    0.066,    0.066},      
  {suspend,                                      10,    0.047,    0.000}]}.    

{[{{'Elixir.Enum',do_find,3},                  56752,    0.000,  208.901},      
  {{'Elixir.Enum',find,3},                     5819,  937.339,   26.557}],     
 { {'Elixir.Enum',do_find,3},                  62571,  937.339,  235.458},     %
 [{{'Elixir.Enum',do_find,3},                  56752,    0.000,  208.901},      
  {{'Elixir.WeiqiDMC.Board','-group_containing/2-fun-0-',2},62571,  701.794,  122.797},      
  {garbage_collect,                               4,    0.041,    0.041},      
  {suspend,                                      10,    0.046,    0.000}]}.    

{[{{'Elixir.Enum','-reduce/3-lists^foldl/2-0-',3},63809, 2234.286,  233.151}],     
 { {'Elixir.Enum','-map/2-fun-0-',3},          63809, 2234.286,  233.151},     %
 [{{'Elixir.WeiqiDMC.Board','-surroundings/2-fun-0-',3},29044,  112.186,   57.288},      
  {{'Elixir.WeiqiDMC.Board','-is_eyeish_for?/3-fun-0-',2},12117,   44.075,   22.347},      
  {{'Elixir.WeiqiDMC.Board.State','-to_list/1-fun-0-',2},7938,   15.385,   15.265},      
  {{'Elixir.WeiqiDMC.Board','-pre_compute_valide_move/2-fun-6-',2},2384,  630.596,    9.617},      
  {{'Elixir.WeiqiDMC.Board.State','-empty_coordinates/1-fun-1-',1},3726,    7.101,    7.067},      
  {{'Elixir.WeiqiDMC.Board','-process_move/5-fun-0-',3},1480,   19.046,    7.037},      
  {{'Elixir.WeiqiDMC.Board','-pre_compute_valide_move/2-fun-2-',2},2960,  509.811,    6.316},      
  {{'Elixir.WeiqiDMC.Board','-pre_compute_valide_move/2-fun-4-',2},2859,  474.849,    6.047},      
  {{'Elixir.WeiqiDMC.Board.State','-to_list/1-fun-1-',1}, 882,  167.516,    3.980},      
  {{'Elixir.WeiqiDMC.Board','-process_capture_group/3-fun-1-',3}, 265,   66.855,    1.946},      
  {garbage_collect,                              22,    0.184,    0.184},      
  {{'Elixir.WeiqiDMC.Board','-process_move/5-fun-2-',1},  74,    0.156,    0.156},      
  {{'Elixir.WeiqiDMC.Board','-process_move/5-fun-4-',1},  74,    0.152,    0.152},      
  {{'Elixir.WeiqiDMC.Player.MCRave','-count_stones/2-fun-0-',2},   6,    0.013,    0.010},      
  {suspend,                                      20,    0.091,    0.000}]}.    

{[{{'Elixir.HashSet',to_list,1},               29322,  114.933,   81.063},      
  {{'Elixir.Enum',filter,2},                   28721,   94.438,   74.355},      
  {{'Elixir.Enum',map,2},                      23425,   87.817,   65.449},      
  {{'Elixir.Enum','-chunk/4-fun-0-',5},         882,    5.522,    3.695},      
  {{'Elixir.Enum',chunk,4},                      98,    0.587,    0.393},      
  {{'Elixir.Enum',reject,2},                     25,    0.204,    0.129}],     
 { {lists,reverse,1},                          82473,  303.501,  225.084},     %
 [{{lists,reverse,2},                          44255,   78.187,   78.187},      
  {garbage_collect,                              20,    0.230,    0.230}]}.    

{[{{'Elixir.Enum','do_any?',2},                54093,    0.000,  183.785},      
  {{'Elixir.Enum','any?',2},                   3409, 2492.162,   12.738}],     
 { {'Elixir.Enum','do_any?',2},                57502, 2492.162,  196.523},     %
 [{{'Elixir.Enum','do_any?',2},                54093,    0.000,  183.785},      
  {{'Elixir.WeiqiDMC.Player.MCRave','-ruin_perfectly_good_eye?/2-fun-0-',3},54178, 2295.289,  136.866},      
  {garbage_collect,                               2,    0.017,    0.017},      
  {suspend,                                      59,    0.333,    0.000}]}.    

{[{{'Elixir.HashSet',do_fold_each,3},          92761,  150.227,  149.965}],     
 { {'Elixir.HashSet','-to_list/1-fun-0-',2},   92761,  150.227,  149.965},     %
 [{garbage_collect,                              35,    0.262,    0.262}]}.    

{[{{'Elixir.HashSet','member?',2},             71061,  129.661,  129.661},      
  {{'Elixir.HashSet',put,2},                   5401,   13.574,   13.574},      
  {{'Elixir.HashSet',delete,2},                 803,    1.453,    1.453}],     
 { {erlang,phash2,1},                          77265,  144.688,  144.688},     %
 [ ]}.

{[{{'Elixir.Enum','do_any?',2},                54178, 2295.289,  136.866}],     
 { {'Elixir.WeiqiDMC.Player.MCRave','-ruin_perfectly_good_eye?/2-fun-0-',3},54178, 2295.289,  136.866},     %
 [{{'Elixir.Set',to_list,1},                   26675, 2158.296,   49.008},      
  {garbage_collect,                               7,    0.079,    0.079},      
  {suspend,                                      14,    0.048,    0.000}]}.    

{[{{'Elixir.HashSet','member?',2},             71061,  132.008,  126.287},      
  {{'Elixir.HashSet','do_member?',3},          2948,    0.000,    5.721}],     
 { {'Elixir.HashSet','do_member?',3},          74009,  132.008,  132.008},     %
 [{{'Elixir.HashSet','do_member?',3},          2948,    0.000,    5.721}]}.    

{[{{'Elixir.WeiqiDMC.Board','-group_containing/2-fun-0-',2},62571,  578.973,  120.427},      
  {{'Elixir.WeiqiDMC.Board','-process_move/5-fun-1-',3}, 729,    7.154,    1.516},      
  {{'Elixir.WeiqiDMC.Board','-process_capture_group/3-fun-0-',2}, 280,    3.402,    0.730},      
  {{'Elixir.WeiqiDMC.Board','-compute_valid_move/3-fun-0-',3},  85,    0.865,    0.185}],     
 { {'Elixir.Set','member?',2},                 63665,  590.394,  122.858},     %
 [{{'Elixir.HashSet','member?',2},             63665,  467.410,  241.009},      
  {garbage_collect,                               9,    0.074,    0.074},      
  {suspend,                                       5,    0.052,    0.000}]}.    

{[{{'Elixir.Enum',do_find,3},                  62571,  701.794,  122.797}],     
 { {'Elixir.WeiqiDMC.Board','-group_containing/2-fun-0-',2},62571,  701.794,  122.797},     %
 [{{'Elixir.Set','member?',2},                 62571,  578.973,  120.427},      
  {garbage_collect,                               1,    0.006,    0.006},      
  {suspend,                                       5,    0.018,    0.000}]}.    

{[{{'Elixir.Enum',filter,2},                   28721, 7082.636,   63.144},      
  {{'Elixir.Enum',map,2},                      23425,  371.018,   47.068},      
  {{'Elixir.Enum',sum,1},                      3818,    0.560,    8.317},      
  {{'Elixir.Enum',into,4},                      126,    7.422,    0.310},      
  {{'Elixir.Enum',chunk,4},                      98,   62.595,    0.249},      
  {{'Elixir.Enum',reduce,2},                    104,    6.605,    0.230},      
  {{'Elixir.Enum',reject,2},                     25,    6.813,    0.070},      
  {{'Elixir.WeiqiDMC.Player.MCRave',count_stones,2},   2,    0.326,    0.003}],     
 { {'Elixir.Enum',reduce,3},                   56319, 7537.975,  119.391},     %
 [{{'Elixir.Enum','-reduce/3-lists^foldl/2-0-',3},53935, 7533.332,  185.546},      
  {{'Elixir.Enumerable',reduce,3},             2384,  590.364,   10.294},      
  {garbage_collect,                              11,    0.097,    0.097},      
  {suspend,                                      13,    0.076,    0.000}]}.    

{[{{'Elixir.WeiqiDMC.Board',pre_compute_valide_move,2},15272,   25.854,   63.004},      
  {{'Elixir.WeiqiDMC.Board',surroundings,2},   7261,    6.371,   29.236},      
  {{'Elixir.WeiqiDMC.Board','is_eyeish_for?',3},3409,    0.000,   12.848},      
  {{'Elixir.WeiqiDMC.Board','-pre_compute_valide_move/2-fun-6-',2},2384,   20.859,   10.351},      
  {{'Elixir.WeiqiDMC.Board.State',empty_coordinates,1},  98,   79.951,    0.497},      
  {{'Elixir.WeiqiDMC.Player.MCRave',legal_moves,1},  98, 3666.268,    0.452},      
  {{'Elixir.WeiqiDMC.Player.MCRave',default_policy,1},  98, 3264.722,    0.433},      
  {{'Elixir.WeiqiDMC.Board',process_move,5},     92,   22.237,    0.412},      
  {{'Elixir.WeiqiDMC.Board',compute_valid_move,3},   9,   24.578,    0.041}],     
 { {'Elixir.Enum',filter,2},                   28721, 7110.840,  117.274},     %
 [{{lists,reverse,1},                          28721,   94.438,   74.355},      
  {{'Elixir.Enum',reduce,3},                   28721, 7082.636,   63.144},      
  {garbage_collect,                              99,    1.025,    1.025},      
  {suspend,                                       8,    0.033,    0.000}]}.    

{[{{'Elixir.Set',to_list,1},                   29322, 2406.761,  105.767}],     
 { {'Elixir.HashSet',to_list,1},               29322, 2406.761,  105.767},     %
 [{{lists,reverse,1},                          29322,  114.933,   81.063},      
  {{'Elixir.HashSet',set_fold,3},              29322, 2185.390,   52.893},      
  {garbage_collect,                              61,    0.513,    0.513},      
  {suspend,                                      30,    0.158,    0.000}]}.    

{[{{'Elixir.HashSet',do_reduce,5},             34808,  370.600,  104.797}],     
 { {'Elixir.HashSet',do_reduce_each,4},        34808,  370.600,  104.797},     %
 [{{'Elixir.HashSet','-do_reduce/5-fun-0-',5}, 32841,  345.394,   73.481},      
  {{'Elixir.Enum','-reduce/3-fun-0-',3},       9522,   96.999,   38.629},      
  {{'Elixir.HashSet',do_reduce,5},             1967,    0.000,    4.739}]}.    

{[{{'Elixir.WeiqiDMC.Board','-pre_compute_valide_move/2-fun-0-',2},13529,   27.088,   26.981},      
  {{'Elixir.WeiqiDMC.Board','-pre_compute_valide_move/2-fun-1-',3},13529,   26.186,   26.141},      
  {{'Elixir.WeiqiDMC.Board','-pre_compute_valide_move/2-fun-3-',3},13529,   25.859,   25.801},      
  {{'Elixir.WeiqiDMC.Board','-is_eyeish_for?/3-fun-0-',2},12117,   21.665,   21.596},      
  {{'Elixir.WeiqiDMC.Board',compute_move,2},     92,    0.172,    0.172}],     
 { {'Elixir.WeiqiDMC.Board.State',board_value,2},52796,  100.970,  100.691},     %
 [{garbage_collect,                              32,    0.279,    0.279}]}.    

{[{{'Elixir.WeiqiDMC.Board',pre_compute_valide_move,2},11454, 1792.568,   46.646},      
  {{'Elixir.WeiqiDMC.Board',surroundings,2},   7261,  425.462,   28.646},      
  {{'Elixir.WeiqiDMC.Board','is_eyeish_for?',3},3409,  172.060,   12.356},      
  {{'Elixir.WeiqiDMC.Board.State','-to_list/1-fun-1-',1}, 882,    0.000,    3.949},      
  {{'Elixir.WeiqiDMC.Board',process_move,5},    196,   34.102,    0.879},      
  {{'Elixir.WeiqiDMC.Board.State',to_list,1},    98,  176.191,    0.455},      
  {{'Elixir.WeiqiDMC.Board.State',empty_coordinates,1},  98,   38.529,    0.439},      
  {{'Elixir.WeiqiDMC.Board',process_capture_group,3},  25,   69.839,    0.132},      
  {{'Elixir.WeiqiDMC.Player.MCRave',count_stones,2},   2,    0.076,    0.007}],     
 { {'Elixir.Enum',map,2},                      23425, 2708.827,   93.509},     %
 [{{lists,reverse,1},                          23425,   87.817,   65.449},      
  {{'Elixir.Enum',reduce,3},                   23425,  371.018,   47.068},      
  {garbage_collect,                              54,    0.483,    0.483},      
  {suspend,                                      13,    0.048,    0.000}]}.    

{[{{'Elixir.WeiqiDMC.Board','valid_move?',2},  3726, 3611.339,   89.123},      
  {{'Elixir.WeiqiDMC.Board',compute_move,2},     92,   97.993,    2.091}],     
 { {'Elixir.WeiqiDMC.Board',pre_compute_valide_move,2},3818, 3709.332,   91.214},     %
 [{{'Elixir.Enum',filter,2},                   15272,   25.854,   63.004},      
  {{'Elixir.Enum',map,2},                      11454, 1792.568,   46.646},      
  {{'Elixir.Enum',sum,1},                      3818,   45.416,   16.410},      
  {{'Elixir.WeiqiDMC.Board',surroundings,2},   3818,  453.337,   16.336},      
  {{'Elixir.Enum',uniq,1},                     7636,  257.086,   15.961},      
  {garbage_collect,                              19,    0.191,    0.191},      
  {suspend,                                       5,    0.031,    0.000}]}.    

{[{{'Elixir.HashSet','-do_reduce/5-fun-0-',5}, 34808,    0.000,   80.325},      
  {{'Elixir.HashSet',reduce,3},                2384,  376.405,    5.805},      
  {{'Elixir.HashSet',do_reduce_each,4},        1967,    0.000,    4.739}],     
 { {'Elixir.HashSet',do_reduce,5},             39159,  376.405,   90.869},     %
 [{{'Elixir.HashSet',do_reduce_each,4},        34808,  370.600,  104.797},      
  {{'Elixir.HashSet','-reduce/3-fun-1-',1},    2384,    4.874,    4.874},      
  {{'Elixir.HashSet','-do_reduce/5-fun-0-',5}, 1967,    0.000,    4.338},      
  {garbage_collect,                             106,    1.047,    1.047}]}.    

{[{{lists,reverse,1},                          44255,   78.187,   78.187}],     
 { {lists,reverse,2},                          44255,   78.187,   78.187},     %
 [ ]}.

{[{{'Elixir.HashSet',do_reduce_each,4},        32841,  345.394,   73.481},      
  {{'Elixir.HashSet',do_reduce,5},             1967,    0.000,    4.338}],     
 { {'Elixir.HashSet','-do_reduce/5-fun-0-',5}, 34808,  345.394,   77.819},     %
 [{{'Elixir.HashSet',do_reduce,5},             34808,    0.000,   80.325}]}.    

{[{{'Elixir.Enum','-filter/2-fun-0-',3},       13529,  128.135,   77.492}],     
 { {'Elixir.WeiqiDMC.Board','-pre_compute_valide_move/2-fun-1-',3},13529,  128.135,   77.492},     %
 [{{'Elixir.WeiqiDMC.Board.State',board_value,2},13529,   26.186,   26.141},      
  {{'Elixir.WeiqiDMC.Helpers',opposite_color,1},13529,   24.395,   24.395},      
  {garbage_collect,                               4,    0.037,    0.037},      
  {suspend,                                       3,    0.025,    0.000}]}.    

{[{{'Elixir.Enum',uniq_by,2},                  7636,  194.320,   51.314},      
  {{'Elixir.Enum',do_uniq,3},                  5819,    0.000,   12.489}],     
 { {'Elixir.Enum',do_uniq,3},                  13455,  194.320,   63.803},     %
 [{{'Elixir.HashSet',put,2},                   4837,   67.867,   27.460},      
  {{'Elixir.HashSet','member?',2},             5819,   52.056,   23.160},      
  {{'Elixir.Enum',do_uniq,3},                  5819,    0.000,   12.489},      
  {{'Elixir.Enum','-uniq/1-fun-0-',1},         5819,   10.581,   10.566},      
  {suspend,                                       3,    0.013,    0.000}]}.    

{[{{'Elixir.Enum','-map/2-fun-0-',3},          29044,  112.186,   57.288}],     
 { {'Elixir.WeiqiDMC.Board','-surroundings/2-fun-0-',3},29044,  112.186,   57.288},     %
 [{{'Elixir.WeiqiDMC.Board',compute_coordinate_from_delta,3},29044,   54.822,   54.472},      
  {garbage_collect,                               5,    0.043,    0.043},      
  {suspend,                                       7,    0.033,    0.000}]}.    

{[{{'Elixir.WeiqiDMC.Player.MCRave','-ruin_perfectly_good_eye?/2-fun-0-',3},26675, 2158.296,   49.008},      
  {{'Elixir.WeiqiDMC.Board','-pre_compute_valide_move/2-fun-7-',2},2453,  279.864,    5.752},      
  {{'Elixir.WeiqiDMC.Board','-compute_valid_move/3-fun-0-',3}, 170,   22.010,    0.358},      
  {{'Elixir.WeiqiDMC.Board',process_capture,4},  15,    1.291,    0.041},      
  {{'Elixir.WeiqiDMC.Board',compute_valid_move,3},   9,    0.619,    0.025}],     
 { {'Elixir.Set',to_list,1},                   29322, 2462.080,   55.184},     %
 [{{'Elixir.HashSet',to_list,1},               29322, 2406.761,  105.767},      
  {garbage_collect,                              11,    0.086,    0.086},      
  {suspend,                                       9,    0.049,    0.000}]}.    

{[{{'Elixir.Enum',map_reduce,3},                980,   72.028,   28.645},      
  {{'Elixir.Enum','-map_reduce/3-lists^mapfoldl/2-0-',3},8820,    0.000,   25.988}],     
 { {'Elixir.Enum','-map_reduce/3-lists^mapfoldl/2-0-',3},9800,   72.028,   54.633},     %
 [{{'Elixir.Enum','-map_reduce/3-lists^mapfoldl/2-0-',3},8820,    0.000,   25.988},      
  {{'Elixir.Enum','-with_index/1-fun-0-',2},   8820,   17.243,   17.003},      
  {garbage_collect,                              14,    0.149,    0.149},      
  {suspend,                                       1,    0.003,    0.000}]}.    

{[{{'Elixir.WeiqiDMC.Board','-surroundings/2-fun-0-',3},29044,   54.822,   54.472}],     
 { {'Elixir.WeiqiDMC.Board',compute_coordinate_from_delta,3},29044,   54.822,   54.472},     %
 [{garbage_collect,                              38,    0.350,    0.350}]}.    

{[{{'Elixir.HashSet',to_list,1},               29322, 2185.390,   52.893},      
  {{'Elixir.HashSet',intersection,2},           265,   61.466,    0.736},      
  {{'Elixir.HashSet',union,2},                   50,    5.888,    0.097}],     
 { {'Elixir.HashSet',set_fold,3},              29637, 2252.744,   53.726},     %
 [{{'Elixir.HashSet',do_fold,4},               29637, 2198.964,  143.537},      
  {suspend,                                      11,    0.054,    0.000}]}.    

{[{{'Elixir.Enum','-filter/2-fun-0-',3},       13529,   79.121,   52.004}],     
 { {'Elixir.WeiqiDMC.Board','-pre_compute_valide_move/2-fun-0-',2},13529,   79.121,   52.004},     %
 [{{'Elixir.WeiqiDMC.Board.State',board_value,2},13529,   27.088,   26.981},      
  {garbage_collect,                               3,    0.023,    0.023},      
  {suspend,                                       1,    0.006,    0.000}]}.    

{[{{'Elixir.Enum','-filter/2-fun-0-',3},       13529,   77.677,   51.798}],     
 { {'Elixir.WeiqiDMC.Board','-pre_compute_valide_move/2-fun-3-',3},13529,   77.677,   51.798},     %
 [{{'Elixir.WeiqiDMC.Board.State',board_value,2},13529,   25.859,   25.801},      
  {garbage_collect,                               2,    0.014,    0.014},      
  {suspend,                                       1,    0.006,    0.000}]}.    

{[{{'Elixir.Enum','-filter/2-fun-0-',3},       29044,   51.693,   51.631}],     
 { {'Elixir.WeiqiDMC.Board','-surroundings/2-fun-1-',1},29044,   51.693,   51.631},     %
 [{garbage_collect,                               7,    0.062,    0.062}]}.    

{[{{'Elixir.Enum','-reduce/3-fun-0-',3},       9522,   58.370,   39.036}],     
 { {'Elixir.Enum','-filter/2-fun-1-',3},       9522,   58.370,   39.036},     %
 [{{'Elixir.WeiqiDMC.Board','-pre_compute_valide_move/2-fun-5-',2},9522,   19.162,   19.154},      
  {garbage_collect,                              15,    0.172,    0.172}]}.    

{[{{'Elixir.HashSet',do_reduce_each,4},        9522,   96.999,   38.629}],     
 { {'Elixir.Enum','-reduce/3-fun-0-',3},       9522,   96.999,   38.629},     %
 [{{'Elixir.Enum','-filter/2-fun-1-',3},       9522,   58.370,   39.036}]}.    

{[{{lists,do_flatten,2},                       9702,    0.000,   28.838},      
  {{lists,flatten,1},                            98,   35.957,    7.023}],     
 { {lists,do_flatten,2},                       9800,   35.957,   35.861},     %
 [{{lists,do_flatten,2},                       9702,    0.000,   28.838},      
  {garbage_collect,                               8,    0.089,    0.089},      
  {suspend,                                       1,    0.007,    0.000}]}.    

{[{{'Elixir.Enum',uniq,1},                     7636,  241.038,   33.302}],     
 { {'Elixir.Enum',uniq_by,2},                  7636,  241.038,   33.302},     %
 [{{'Elixir.Enum',do_uniq,3},                  7636,  194.320,   51.314},      
  {{'Elixir.HashSet',new,0},                   7636,   13.388,   13.388},      
  {suspend,                                       4,    0.028,    0.000}]}.    

{[{{'Elixir.Enum',do_uniq,3},                  4837,   67.867,   27.460},      
  {{'Elixir.Collectable.HashSet','-into/1-fun-0-',2}, 263,    4.296,    1.766},      
  {{'Elixir.Set',put,2},                        125,    2.103,    0.771},      
  {{'Elixir.HashSet','-union/2-fun-0-',2},       76,    1.226,    0.461},      
  {{'Elixir.HashSet','-intersection/2-fun-0-',3},  60,    0.953,    0.408},      
  {{'Elixir.HashSet','-union/2-fun-1-',2},       40,    0.668,    0.225}],     
 { {'Elixir.HashSet',put,2},                   5401,   77.113,   31.091},     %
 [{{'Elixir.HashSet',do_put,3},                5401,   32.344,   21.150},      
  {{erlang,phash2,1},                          5401,   13.574,   13.574},      
  {garbage_collect,                               9,    0.101,    0.101},      
  {suspend,                                       1,    0.003,    0.000}]}.    

{[{{'Elixir.WeiqiDMC.Board',pre_compute_valide_move,2},3818,  453.337,   16.336},      
  {{'Elixir.WeiqiDMC.Board','is_eyeish_for?',3},3409,  361.173,   12.939},      
  {{'Elixir.WeiqiDMC.Board',process_capture_group,3},  25,    3.328,    0.113},      
  {{'Elixir.WeiqiDMC.Board',compute_valid_move,3},   9,    1.076,    0.036}],     
 { {'Elixir.WeiqiDMC.Board',surroundings,2},   7261,  818.914,   29.424},     %
 [{{'Elixir.Enum',filter,2},                   7261,    6.371,   29.236},      
  {{'Elixir.Enum',map,2},                      7261,  425.462,   28.646},      
  {garbage_collect,                              24,    0.204,    0.204},      
  {suspend,                                       6,    0.035,    0.000}]}.    

{[{{'Elixir.WeiqiDMC.Board','-pre_compute_valide_move/2-fun-1-',3},13529,   24.395,   24.395},      
  {{'Elixir.WeiqiDMC.Board','-process_move/5-fun-0-',3},1480,    2.666,    2.666},      
  {{'Elixir.WeiqiDMC.Board',compute_valid_move,3},  92,    0.190,    0.190},      
  {{'Elixir.WeiqiDMC.Board',force_opposite_player,1},   6,    0.010,    0.010}],     
 { {'Elixir.WeiqiDMC.Helpers',opposite_color,1},15107,   27.261,   27.261},     %
 [ ]}.

{[{{'Elixir.WeiqiDMC.Player.MCRave','-default_policy/1-fun-0-',2},3490, 3225.699,   25.199}],     
 { {'Elixir.WeiqiDMC.Player.MCRave','ruin_perfectly_good_eye?',2},3490, 3225.699,   25.199},     %
 [{{'Elixir.WeiqiDMC.Board','is_eyeish_for?',3},3409,  695.305,   24.689},      
  {{'Elixir.Enum','any?',2},                   3409, 2498.746,    6.573},      
  {{'Elixir.Enum','empty?',1},                 3490,    6.426,    6.412},      
  {garbage_collect,                               2,    0.013,    0.013},      
  {suspend,                                       2,    0.010,    0.000}]}.    

{[{{'Elixir.WeiqiDMC.Player.MCRave','ruin_perfectly_good_eye?',2},3409,  695.305,   24.689}],     
 { {'Elixir.WeiqiDMC.Board','is_eyeish_for?',3},3409,  695.305,   24.689},     %
 [{{'Elixir.WeiqiDMC.Board',surroundings,2},   3409,  361.173,   12.939},      
  {{'Elixir.Enum',filter,2},                   3409,    0.000,   12.848},      
  {{'Elixir.Enum',map,2},                      3409,  172.060,   12.356},      
  {garbage_collect,                              14,    0.116,    0.116},      
  {suspend,                                       8,    0.044,    0.000}]}.    

{[{{'Elixir.Enum','-map/2-fun-0-',3},          12117,   44.075,   22.347}],     
 { {'Elixir.WeiqiDMC.Board','-is_eyeish_for?/3-fun-0-',2},12117,   44.075,   22.347},     %
 [{{'Elixir.WeiqiDMC.Board.State',board_value,2},12117,   21.665,   21.596},      
  {garbage_collect,                               1,    0.032,    0.032},      
  {suspend,                                       6,    0.031,    0.000}]}.    

{[{{'Elixir.HashSet',put,2},                   5401,   32.344,   21.150},      
  {{'Elixir.HashSet',do_put,3},                  83,    0.000,    0.316}],     
 { {'Elixir.HashSet',do_put,3},                5484,   32.344,   21.466},     %
 [{{erlang,setelement,3},                      5777,   10.641,   10.641},      
  {{'Elixir.HashSet',do_put,3},                  83,    0.000,    0.316},      
  {garbage_collect,                              22,    0.237,    0.237}]}.    

{[{{elixir_aliases,do_concat,1},               2510,   30.875,   16.695},      
  {{elixir_aliases,do_concat,2},               2510,    0.000,    4.696}],     
 { {elixir_aliases,do_concat,2},               5020,   30.875,   21.391},     %
 [{{elixir_aliases,to_partial,1},              2510,    4.772,    4.725},      
  {{elixir_aliases,do_concat,2},               2510,    0.000,    4.696},      
  {{erlang,atom_to_binary,2},                  2510,    4.568,    4.568},      
  {garbage_collect,                              12,    0.144,    0.144}]}.    

{[{{'Elixir.Enum','-filter/2-fun-0-',3},       12117,   20.504,   20.497}],     
 { {'Elixir.WeiqiDMC.Board','-is_eyeish_for?/3-fun-1-',2},12117,   20.504,   20.497},     %
 [{garbage_collect,                               1,    0.007,    0.007}]}.    

{[{{'Elixir.Enum','-reduce/3-lists^foldl/2-0-',3},7938,   27.348,   19.843}],     
 { {'Elixir.Enum','-chunk/4-fun-0-',5},        7938,   27.348,   19.843},     %
 [{{lists,reverse,1},                           882,    5.522,    3.695},      
  {{'Elixir.Enum',take,2},                      882,    1.765,    1.765},      
  {garbage_collect,                              19,    0.218,    0.218}]}.    

{[{{'Elixir.Enum','-filter/2-fun-1-',3},       9522,   19.162,   19.154}],     
 { {'Elixir.WeiqiDMC.Board','-pre_compute_valide_move/2-fun-5-',2},9522,   19.162,   19.154},     %
 [{garbage_collect,                               1,    0.008,    0.008}]}.    

{[{{'Elixir.Enum','-map_reduce/3-lists^mapfoldl/2-0-',3},8820,   17.243,   17.003}],     
 { {'Elixir.Enum','-with_index/1-fun-0-',2},   8820,   17.243,   17.003},     %
 [{garbage_collect,                              22,    0.240,    0.240}]}.    

{[{{'Elixir.WeiqiDMC.Board',pre_compute_valide_move,2},3818,   45.416,   16.410}],     
 { {'Elixir.Enum',sum,1},                      3818,   45.416,   16.410},     %
 [{{'Elixir.Enum',reduce,3},                   3818,    0.560,    8.317},      
  {{erlang,make_fun,3},                        3818,    7.664,    7.664},      
  {garbage_collect,                               1,    0.012,    0.012},      
  {suspend,                                       1,    0.012,    0.000}]}.    

{[{{elixir_aliases,concat,1},                  2510,   51.749,   10.170},      
  {{elixir_aliases,do_concat,1},               2510,    0.000,    5.948}],     
 { {elixir_aliases,do_concat,1},               5020,   51.749,   16.118},     %
 [{{elixir_aliases,do_concat,2},               2510,   30.875,   16.695},      
  {{elixir_aliases,do_concat,1},               2510,    0.000,    5.948},      
  {{erlang,atom_to_binary,2},                  2510,    4.576,    4.576},      
  {garbage_collect,                              15,    0.180,    0.180}]}.    

{[{{'Elixir.WeiqiDMC.Board',pre_compute_valide_move,2},7636,  257.086,   15.961}],     
 { {'Elixir.Enum',uniq,1},                     7636,  257.086,   15.961},     %
 [{{'Elixir.Enum',uniq_by,2},                  7636,  241.038,   33.302},      
  {garbage_collect,                               9,    0.087,    0.087}]}.    

{[{{'Elixir.Module',concat,2},                 2510,   72.667,   15.456}],     
 { {elixir_aliases,concat,1},                  2510,   72.667,   15.456},     %
 [{{elixir_aliases,do_concat,1},               2510,   51.749,   10.170},      
  {{erlang,binary_to_atom,2},                  2510,    5.425,    5.425},      
  {garbage_collect,                               3,    0.037,    0.037}]}.    

{[{{'Elixir.Enum','-map/2-fun-0-',3},          7938,   15.385,   15.265}],     
 { {'Elixir.WeiqiDMC.Board.State','-to_list/1-fun-0-',2},7938,   15.385,   15.265},     %
 [{garbage_collect,                              12,    0.120,    0.120}]}.    

{[{{'Elixir.Enum','-filter/2-fun-0-',3},       7938,   15.035,   14.963}],     
 { {'Elixir.WeiqiDMC.Board.State','-empty_coordinates/1-fun-0-',1},7938,   15.035,   14.963},     %
 [{garbage_collect,                               4,    0.072,    0.072}]}.    

{[{{code,call,1},                              2510,   42.919,   14.683}],     
 { {code_server,call,2},                       2510,   42.919,   14.683},     %
 [{garbage_collect,                               3,    0.042,    0.042},      
  {suspend,                                    2510,   28.194,    0.000}]}.    

{[{{'Elixir.WeiqiDMC.Player.MCRave','-legal_moves/1-fun-0-',2},3726, 3626.019,   14.680}],     
 { {'Elixir.WeiqiDMC.Board','valid_move?',2},  3726, 3626.019,   14.680},     %
 [{{'Elixir.WeiqiDMC.Board',pre_compute_valide_move,2},3726, 3611.339,   89.123}]}.    

{[{{'Elixir.Enumerable','impl_for!',1},        2384,  183.056,   14.480}],     
 { {'Elixir.Enumerable',impl_for,1},           2384,  183.056,   14.480},     %
 [{{'Elixir.Enumerable','impl_for?',1},        2384,   90.142,   10.979},      
  {{'Elixir.Enumerable.HashSet','__impl__',1}, 2384,    4.967,    4.967},      
  {{'Elixir.Module',concat,2},                 2384,   73.461,    4.869},      
  {garbage_collect,                               1,    0.006,    0.006}]}.    

{[{{'Elixir.Enum',uniq_by,2},                  7636,   13.388,   13.388},      
  {{'Elixir.WeiqiDMC.Board',process_move,5},     80,    0.145,    0.145},      
  {{'Elixir.WeiqiDMC.Board',process_capture_group,3},  25,    0.051,    0.051},      
  {{'Elixir.WeiqiDMC.Board',compute_valid_move,3},   9,    0.015,    0.015},      
  {{'Elixir.WeiqiDMC.Player.MCRave',count_stones,2},   2,    0.003,    0.003},      
  {{'Elixir.WeiqiDMC.Player.MCRave','-count_stones/2-fun-0-',2},   3,    0.003,    0.003}],     
 { {'Elixir.HashSet',new,0},                   7755,   13.605,   13.605},     %
 [ ]}.

{[{{'Elixir.Enum','-filter/2-fun-0-',3},       3490, 3237.981,   12.282}],     
 { {'Elixir.WeiqiDMC.Player.MCRave','-default_policy/1-fun-0-',2},3490, 3237.981,   12.282},     %
 [{{'Elixir.WeiqiDMC.Player.MCRave','ruin_perfectly_good_eye?',2},3490, 3225.699,   25.199}]}.    

{[{{'Elixir.WeiqiDMC.Board','-pre_compute_valide_move/2-fun-2-',2},2960,  503.457,    6.069},      
  {{'Elixir.WeiqiDMC.Board','-pre_compute_valide_move/2-fun-4-',2},2859,  468.790,    5.693}],     
 { {'Elixir.WeiqiDMC.Board',group_containing,2},5819,  972.247,   11.762},     %
 [{{'Elixir.Enum',find,2},                     5819,  960.374,   11.655},      
  {garbage_collect,                              11,    0.106,    0.106},      
  {suspend,                                       1,    0.005,    0.000}]}.    

{[{{'Elixir.WeiqiDMC.Board',group_containing,2},5819,  960.374,   11.655}],     
 { {'Elixir.Enum',find,2},                     5819,  960.374,   11.655},     %
 [{{'Elixir.Enum',find,3},                     5819,  948.719,   11.380}]}.    

{[{{'Elixir.Enum',find,2},                     5819,  948.719,   11.380}],     
 { {'Elixir.Enum',find,3},                     5819,  948.719,   11.380},     %
 [{{'Elixir.Enum',do_find,3},                  5819,  937.339,   26.557}]}.    

{[{{'Elixir.Enumerable',impl_for,1},           2384,   90.142,   10.979}],     
 { {'Elixir.Enumerable','impl_for?',1},        2384,   90.142,   10.979},     %
 [{{'Elixir.Kernel','function_exported?',3},   2384,   15.145,   10.082},      
  {{'Elixir.Code','ensure_compiled?',1},       2384,   64.018,    8.911}]}.    

{[{{'Elixir.HashSet',do_put,3},                5777,   10.641,   10.641},      
  {{'Elixir.HashSet',do_delete,3},              141,    0.276,    0.276},      
  {{'Elixir.HashSet',do_compact_node,1},         26,    0.057,    0.057}],     
 { {erlang,setelement,3},                      5944,   10.974,   10.974},     %
 [ ]}.

{[{{'Elixir.Enumerable','impl_for?',1},        2384,   15.145,   10.082},      
  {{'Elixir.Collectable','impl_for?',1},        126,    0.851,    0.556}],     
 { {'Elixir.Kernel','function_exported?',3},   2510,   15.996,   10.638},     %
 [{{erlang,function_exported,3},               2510,    5.358,    5.358}]}.    

{[{{'Elixir.Enum',do_uniq,3},                  5819,   10.581,   10.566}],     
 { {'Elixir.Enum','-uniq/1-fun-0-',1},         5819,   10.581,   10.566},     %
 [{garbage_collect,                               2,    0.015,    0.015}]}.    

{[{{'Elixir.Enum',reduce,3},                   2384,  590.364,   10.294}],     
 { {'Elixir.Enumerable',reduce,3},             2384,  590.364,   10.294},     %
 [{{'Elixir.Enumerable','impl_for!',1},        2384,  192.122,    9.056},      
  {{'Elixir.Enumerable.HashSet',reduce,3},     2384,  387.941,    5.758},      
  {garbage_collect,                               1,    0.007,    0.007}]}.    

{[{{'Elixir.Enum','-filter/2-fun-0-',3},       2453,  290.030,   10.134}],     
 { {'Elixir.WeiqiDMC.Board','-pre_compute_valide_move/2-fun-7-',2},2453,  290.030,   10.134},     %
 [{{'Elixir.Set',to_list,1},                   2453,  279.864,    5.752},      
  {garbage_collect,                               3,    0.030,    0.030},      
  {suspend,                                       1,    0.002,    0.000}]}.    

{[{{'Elixir.Enum','-map/2-fun-0-',3},          2384,  630.596,    9.617}],     
 { {'Elixir.WeiqiDMC.Board','-pre_compute_valide_move/2-fun-6-',2},2384,  630.596,    9.617},     %
 [{{'Elixir.Enum',filter,2},                   2384,   20.859,   10.351},      
  {garbage_collect,                               8,    0.089,    0.089}]}.    

{[{{'Elixir.Code','ensure_compiled?',1},       2510,   63.040,    9.539}],     
 { {'Elixir.Code',ensure_compiled,1},          2510,   63.040,    9.539},     %
 [{{code,ensure_loaded,1},                     2510,   53.466,    5.380},      
  {garbage_collect,                               4,    0.035,    0.035}]}.    

{[{{'Elixir.Enumerable','impl_for?',1},        2384,   64.018,    8.911},      
  {{'Elixir.Collectable','impl_for?',1},        126,    8.447,    0.514}],     
 { {'Elixir.Code','ensure_compiled?',1},       2510,   72.465,    9.425},     %
 [{{'Elixir.Code',ensure_compiled,1},          2510,   63.040,    9.539}]}.    

{[{{'Elixir.HashSet',do_reduce,5},              106,    1.047,    1.047},      
  {{'Elixir.Enum',filter,2},                     99,    1.025,    1.025},      
  {{'Elixir.HashSet',to_list,1},                 61,    0.513,    0.513},      
  {{'Elixir.Enum',map,2},                        54,    0.483,    0.483},      
  {{'Elixir.Enum','-filter/2-fun-0-',3},         38,    0.383,    0.383},      
  {{'Elixir.HashSet',do_fold_each,3},            45,    0.354,    0.354},      
  {{'Elixir.WeiqiDMC.Board',compute_coordinate_from_delta,3},  38,    0.350,    0.350},      
  {{'Elixir.WeiqiDMC.Board.State',board_value,2},  32,    0.279,    0.279},      
  {{'Elixir.HashSet','-to_list/1-fun-0-',2},     35,    0.262,    0.262},      
  {{'Elixir.Enum','-with_index/1-fun-0-',2},     22,    0.240,    0.240},      
  {{'Elixir.HashSet',do_put,3},                  22,    0.237,    0.237},      
  {{lists,reverse,1},                            20,    0.230,    0.230},      
  {{'Elixir.Enum','-chunk/4-fun-0-',5},          19,    0.218,    0.218},      
  {{'Elixir.Enum','-reduce/3-lists^foldl/2-0-',3},  25,    0.211,    0.211},      
  {{'Elixir.WeiqiDMC.Board',surroundings,2},     24,    0.204,    0.204},      
  {{'Elixir.WeiqiDMC.Board',pre_compute_valide_move,2},  19,    0.191,    0.191},      
  {{'Elixir.Enum','-map/2-fun-0-',3},            22,    0.184,    0.184},      
  {{elixir_aliases,do_concat,1},                 15,    0.180,    0.180},      
  {{'Elixir.Enum','-filter/2-fun-1-',3},         15,    0.172,    0.172},      
  {{'Elixir.HashSet',do_fold,4},                 23,    0.162,    0.162},      
  {{'Elixir.Enum','-map_reduce/3-lists^mapfoldl/2-0-',3},  14,    0.149,    0.149},      
  {{elixir_aliases,do_concat,2},                 12,    0.144,    0.144},      
  {{'Elixir.WeiqiDMC.Board.State','-to_list/1-fun-0-',2},  12,    0.120,    0.120},      
  {{'Elixir.WeiqiDMC.Board','is_eyeish_for?',3},  14,    0.116,    0.116},      
  {{'Elixir.WeiqiDMC.Board',group_containing,2},  11,    0.106,    0.106},      
  {{'Elixir.HashSet',put,2},                      9,    0.101,    0.101},      
  {{'Elixir.Enum',reduce,3},                     11,    0.097,    0.097},      
  {{lists,do_flatten,2},                          8,    0.089,    0.089},      
  {{'Elixir.WeiqiDMC.Board','-pre_compute_valide_move/2-fun-6-',2},   8,    0.089,    0.089},      
  {{'Elixir.Enum',uniq,1},                        9,    0.087,    0.087},      
  {{'Elixir.Set',to_list,1},                     11,    0.086,    0.086},      
  {{'Elixir.WeiqiDMC.Player.MCRave','-ruin_perfectly_good_eye?/2-fun-0-',3},   7,    0.079,    0.079},      
  {{'Elixir.Set','member?',2},                    9,    0.074,    0.074},      
  {{'Elixir.WeiqiDMC.Board.State','-empty_coordinates/1-fun-0-',1},   4,    0.072,    0.072},      
  {{'Elixir.HashSet','member?',2},                5,    0.066,    0.066},      
  {{'Elixir.WeiqiDMC.Board','-surroundings/2-fun-1-',1},   7,    0.062,    0.062},      
  {{'Elixir.WeiqiDMC.Board.State',update_board,3},   6,    0.055,    0.055},      
  {{'Elixir.WeiqiDMC.Board.State',to_list,1},     5,    0.054,    0.054},      
  {{elixir_aliases,to_partial,1},                 5,    0.047,    0.047},      
  {{'Elixir.WeiqiDMC.Board','-surroundings/2-fun-0-',3},   5,    0.043,    0.043},      
  {{code_server,call,2},                          3,    0.042,    0.042},      
  {{'Elixir.Enum',do_find,3},                     4,    0.041,    0.041},      
  {{'Elixir.WeiqiDMC.Board','-pre_compute_valide_move/2-fun-2-',2},   4,    0.038,    0.038},      
  {{elixir_aliases,concat,1},                     3,    0.037,    0.037},      
  {{'Elixir.WeiqiDMC.Board','-pre_compute_valide_move/2-fun-1-',3},   4,    0.037,    0.037},      
  {{'Elixir.Code',ensure_compiled,1},             4,    0.035,    0.035},      
  {{'Elixir.WeiqiDMC.Board.State','-empty_coordinates/1-fun-1-',1},   4,    0.034,    0.034},      
  {{'Elixir.WeiqiDMC.Board','-is_eyeish_for?/3-fun-0-',2},   1,    0.032,    0.032},      
  {{'Elixir.WeiqiDMC.Board','-pre_compute_valide_move/2-fun-7-',2},   3,    0.030,    0.030},      
  {{code,ensure_loaded,1},                        3,    0.027,    0.027},      
  {{'Elixir.WeiqiDMC.Player.MCRave',sim_default,2},   2,    0.026,    0.026},      
  {{'Elixir.Module',concat,2},                    2,    0.026,    0.026},      
  {{'Elixir.WeiqiDMC.Board.State','-to_list/1-fun-1-',1},   2,    0.023,    0.023},      
  {{'Elixir.WeiqiDMC.Board','-pre_compute_valide_move/2-fun-0-',2},   3,    0.023,    0.023},      
  {{'Elixir.WeiqiDMC.Board',process_move,5},      2,    0.017,    0.017},      
  {{'Elixir.Enum','do_any?',2},                   2,    0.017,    0.017},      
  {{'Elixir.Enum','-uniq/1-fun-0-',1},            2,    0.015,    0.015},      
  {{'Elixir.WeiqiDMC.Board','-pre_compute_valide_move/2-fun-3-',3},   2,    0.014,    0.014},      
  {{'Elixir.Enum','empty?',1},                    1,    0.014,    0.014},      
  {{'Elixir.WeiqiDMC.Player.MCRave','ruin_perfectly_good_eye?',2},   2,    0.013,    0.013},      
  {{'Elixir.WeiqiDMC.Board','-pre_compute_valide_move/2-fun-4-',2},   2,    0.012,    0.012},      
  {{'Elixir.Enum',sum,1},                         1,    0.012,    0.012},      
  {{'Elixir.HashSet','-intersection/2-fun-0-',3},   1,    0.011,    0.011},      
  {{'Elixir.Enumerable','impl_for!',1},           1,    0.010,    0.010},      
  {{'Elixir.Enum',chunk,4},                       1,    0.010,    0.010},      
  {{'Elixir.WeiqiDMC.Board','-pre_compute_valide_move/2-fun-5-',2},   1,    0.008,    0.008},      
  {{'Elixir.WeiqiDMC.Board.State',coordinate_to_index,2},   1,    0.007,    0.007},      
  {{'Elixir.WeiqiDMC.Board','-is_eyeish_for?/3-fun-1-',2},   1,    0.007,    0.007},      
  {{'Elixir.Set',intersection,2},                 1,    0.007,    0.007},      
  {{'Elixir.Enumerable',reduce,3},                1,    0.007,    0.007},      
  {{random,uniform,0},                            1,    0.006,    0.006},      
  {{'Elixir.WeiqiDMC.Board','-group_containing/2-fun-0-',2},   1,    0.006,    0.006},      
  {{'Elixir.Enumerable',impl_for,1},              1,    0.006,    0.006}],     
 { garbage_collect,                             973,    9.311,    9.311},     %
 [ ]}.

{[{{elixir_aliases,do_concat,1},               2510,    4.576,    4.576},      
  {{elixir_aliases,do_concat,2},               2510,    4.568,    4.568}],     
 { {erlang,atom_to_binary,2},                  5020,    9.144,    9.144},     %
 [ ]}.

{[{{'Elixir.Enumerable',reduce,3},             2384,  192.122,    9.056}],     
 { {'Elixir.Enumerable','impl_for!',1},        2384,  192.122,    9.056},     %
 [{{'Elixir.Enumerable',impl_for,1},           2384,  183.056,   14.480},      
  {garbage_collect,                               1,    0.010,    0.010}]}.    

{[{{'Elixir.Enum','-filter/2-fun-0-',3},       3726, 3634.236,    8.217}],     
 { {'Elixir.WeiqiDMC.Player.MCRave','-legal_moves/1-fun-0-',2},3726, 3634.236,    8.217},     %
 [{{'Elixir.WeiqiDMC.Board','valid_move?',2},  3726, 3626.019,   14.680}]}.    

{[{{'Elixir.Enum',sum,1},                      3818,    7.664,    7.664}],     
 { {erlang,make_fun,3},                        3818,    7.664,    7.664},     %
 [ ]}.

{[{{'Elixir.Enum','-map/2-fun-0-',3},          3726,    7.101,    7.067}],     
 { {'Elixir.WeiqiDMC.Board.State','-empty_coordinates/1-fun-1-',1},3726,    7.101,    7.067},     %
 [{garbage_collect,                               4,    0.034,    0.034}]}.    

{[{{'Elixir.Enum','-map/2-fun-0-',3},          1480,   19.046,    7.037}],     
 { {'Elixir.WeiqiDMC.Board','-process_move/5-fun-0-',3},1480,   19.046,    7.037},     %
 [{{'Elixir.WeiqiDMC.Helpers',opposite_color,1},1480,    2.666,    2.666},      
  {{'Elixir.Set',delete,2},                     751,    9.343,    1.673}]}.    

{[{{'Elixir.WeiqiDMC.Player.MCRave','ruin_perfectly_good_eye?',2},3490,    6.426,    6.412},      
  {{'Elixir.WeiqiDMC.Board',process_move,5},     92,    0.189,    0.189},      
  {{'Elixir.WeiqiDMC.Player.MCRave',default_policy,1},  98,    0.179,    0.179}],     
 { {'Elixir.Enum','empty?',1},                 3680,    6.794,    6.780},     %
 [{garbage_collect,                               1,    0.014,    0.014}]}.    

{[{{'Elixir.HashSet',do_fold_each,3},          1577,   21.404,    6.765}],     
 { {'Elixir.HashSet','-intersection/2-fun-0-',3},1577,   21.404,    6.765},     %
 [{{'Elixir.HashSet','member?',2},             1577,   13.675,    7.190},      
  {{'Elixir.HashSet',put,2},                     60,    0.953,    0.408},      
  {garbage_collect,                               1,    0.011,    0.011}]}.    

{[{{'Elixir.WeiqiDMC.Player.MCRave','ruin_perfectly_good_eye?',2},3409, 2498.746,    6.573}],     
 { {'Elixir.Enum','any?',2},                   3409, 2498.746,    6.573},     %
 [{{'Elixir.Enum','do_any?',2},                3409, 2492.162,   12.738},      
  {suspend,                                       2,    0.011,    0.000}]}.    

{[{{'Elixir.Enum','-map/2-fun-0-',3},          2960,  509.811,    6.316}],     
 { {'Elixir.WeiqiDMC.Board','-pre_compute_valide_move/2-fun-2-',2},2960,  509.811,    6.316},     %
 [{{'Elixir.WeiqiDMC.Board',group_containing,2},2960,  503.457,    6.069},      
  {garbage_collect,                               4,    0.038,    0.038}]}.    

{[{{'Elixir.Enum','-map/2-fun-0-',3},          2859,  474.849,    6.047}],     
 { {'Elixir.WeiqiDMC.Board','-pre_compute_valide_move/2-fun-4-',2},2859,  474.849,    6.047},     %
 [{{'Elixir.WeiqiDMC.Board',group_containing,2},2859,  468.790,    5.693},      
  {garbage_collect,                               2,    0.012,    0.012}]}.    

{[{{'Elixir.Enumerable.HashSet',reduce,3},     2384,  382.183,    5.778}],     
 { {'Elixir.HashSet',reduce,3},                2384,  382.183,    5.778},     %
 [{{'Elixir.HashSet',do_reduce,5},             2384,  376.405,    5.805}]}.    

{[{{'Elixir.Enumerable',reduce,3},             2384,  387.941,    5.758}],     
 { {'Elixir.Enumerable.HashSet',reduce,3},     2384,  387.941,    5.758},     %
 [{{'Elixir.HashSet',reduce,3},                2384,  382.183,    5.778}]}.    

{[{{elixir_aliases,concat,1},                  2510,    5.425,    5.425}],     
 { {erlang,binary_to_atom,2},                  2510,    5.425,    5.425},     %
 [ ]}.

{[{{'Elixir.Code',ensure_compiled,1},          2510,   53.466,    5.380}],     
 { {code,ensure_loaded,1},                     2510,   53.466,    5.380},     %
 [{{code,call,1},                              2510,   48.053,    5.134},      
  {garbage_collect,                               3,    0.027,    0.027},      
  {suspend,                                       2,    0.006,    0.000}]}.    

{[{{'Elixir.Kernel','function_exported?',3},   2510,    5.358,    5.358}],     
 { {erlang,function_exported,3},               2510,    5.358,    5.358},     %
 [ ]}.

{[{{'Elixir.Enumerable',impl_for,1},           2384,   73.461,    4.869},      
  {{'Elixir.Collectable',impl_for,1},           126,    4.391,    0.290}],     
 { {'Elixir.Module',concat,2},                 2510,   77.852,    5.159},     %
 [{{elixir_aliases,concat,1},                  2510,   72.667,   15.456},      
  {garbage_collect,                               2,    0.026,    0.026}]}.    

{[{{code,ensure_loaded,1},                     2510,   48.053,    5.134}],     
 { {code,call,1},                              2510,   48.053,    5.134},     %
 [{{code_server,call,2},                       2510,   42.919,   14.683}]}.    

{[{{'Elixir.Enumerable',impl_for,1},           2384,    4.967,    4.967}],     
 { {'Elixir.Enumerable.HashSet','__impl__',1}, 2384,    4.967,    4.967},     %
 [ ]}.

{[{{'Elixir.HashSet',do_reduce,5},             2384,    4.874,    4.874}],     
 { {'Elixir.HashSet','-reduce/3-fun-1-',1},    2384,    4.874,    4.874},     %
 [ ]}.

{[{{elixir_aliases,do_concat,2},               2510,    4.772,    4.725}],     
 { {elixir_aliases,to_partial,1},              2510,    4.772,    4.725},     %
 [{garbage_collect,                               5,    0.047,    0.047}]}.    

{[{{'Elixir.Set',delete,2},                     803,    8.694,    4.639}],     
 { {'Elixir.HashSet',delete,2},                 803,    8.694,    4.639},     %
 [{{'Elixir.HashSet',do_delete,3},              803,    2.602,    1.900},      
  {{erlang,phash2,1},                           803,    1.453,    1.453}]}.    

{[{{'Elixir.WeiqiDMC.Board.State','-to_list/1-fun-1-',1}, 882,   70.339,    3.656},      
  {{'Elixir.WeiqiDMC.Board.State',to_list,1},    98,    7.875,    0.416}],     
 { {'Elixir.Enum',with_index,1},                980,   78.214,    4.072},     %
 [{{'Elixir.Enum',map_reduce,3},                980,   74.142,    2.114}]}.    

{[{{'Elixir.Enum','-map/2-fun-0-',3},           882,  167.516,    3.980}],     
 { {'Elixir.WeiqiDMC.Board.State','-to_list/1-fun-1-',1}, 882,  167.516,    3.980},     %
 [{{'Elixir.Enum',map,2},                       882,    0.000,    3.949},      
  {{'Elixir.Enum',with_index,1},                882,   70.339,    3.656},      
  {garbage_collect,                               2,    0.023,    0.023}]}.    

{[{{'Elixir.Enum',do_fetch,2},                 1607,    0.000,    2.958},      
  {{'Elixir.Enum',fetch,2},                      92,    3.152,    0.194}],     
 { {'Elixir.Enum',do_fetch,2},                 1699,    3.152,    3.152},     %
 [{{'Elixir.Enum',do_fetch,2},                 1607,    0.000,    2.958}]}.    

{[{{'Elixir.Enum','-filter/2-fun-0-',3},       1480,   10.046,    2.892}],     
 { {'Elixir.WeiqiDMC.Board','-process_move/5-fun-1-',3},1480,   10.046,    2.892},     %
 [{{'Elixir.Set','member?',2},                  729,    7.154,    1.516}]}.    

{[{{'Elixir.WeiqiDMC.Board',compute_valid_move,3},  92,   90.387,    2.467}],     
 { {'Elixir.WeiqiDMC.Board',process_move,5},     92,   90.387,    2.467},     %
 [{{'Elixir.WeiqiDMC.Board.State',update_board,3},  92,    1.746,    1.024},      
  {{'Elixir.Enum',map,2},                       196,   34.102,    0.879},      
  {{'Elixir.Enum',filter,2},                     92,   22.237,    0.412},      
  {{'Elixir.Set',put,2},                         92,    1.775,    0.250},      
  {{'Elixir.Enum',into,2},                       92,   19.310,    0.233},      
  {{'Elixir.Enum',reduce,2},                    104,    6.822,    0.217},      
  {{erlang,'--',2},                              52,    0.206,    0.206},      
  {{erlang,'++',2},                              92,    0.204,    0.204},      
  {{'Elixir.Enum','empty?',1},                   92,    0.189,    0.189},      
  {{'Elixir.HashSet',new,0},                     80,    0.145,    0.145},      
  {{'Elixir.Set',delete,2},                      52,    1.167,    0.140},      
  {garbage_collect,                               2,    0.017,    0.017}]}.    

{[{{'Elixir.Enum',with_index,1},                980,   74.142,    2.114}],     
 { {'Elixir.Enum',map_reduce,3},                980,   74.142,    2.114},     %
 [{{'Elixir.Enum','-map_reduce/3-lists^mapfoldl/2-0-',3}, 980,   72.028,   28.645}]}.    

{[{{'Elixir.HashSet',delete,2},                 803,    2.602,    1.900},      
  {{'Elixir.HashSet',do_delete,3},               72,    0.000,    0.213}],     
 { {'Elixir.HashSet',do_delete,3},              875,    2.602,    2.113},     %
 [{{erlang,setelement,3},                       141,    0.276,    0.276},      
  {{'Elixir.HashSet',do_delete,3},               72,    0.000,    0.213},      
  {{'Elixir.HashSet',do_compact_node,1},         25,    0.213,    0.148}]}.    

{[{{'Elixir.Enum','-map/2-fun-0-',3},           265,   66.855,    1.946}],     
 { {'Elixir.WeiqiDMC.Board','-process_capture_group/3-fun-1-',3}, 265,   66.855,    1.946},     %
 [{{'Elixir.Set',intersection,2},               265,   62.962,    0.753},      
  {{'Elixir.Set',size,1},                       265,    1.288,    0.740},      
  {{'Elixir.Set',put,2},                         33,    0.659,    0.081}]}.    

{[{{'Elixir.WeiqiDMC.Board','-process_move/5-fun-0-',3}, 751,    9.343,    1.673},      
  {{'Elixir.WeiqiDMC.Board',process_move,5},     52,    1.167,    0.140}],     
 { {'Elixir.Set',delete,2},                     803,   10.510,    1.813},     %
 [{{'Elixir.HashSet',delete,2},                 803,    8.694,    4.639},      
  {suspend,                                       1,    0.003,    0.000}]}.    

{[{{'Elixir.Enum','-chunk/4-fun-0-',5},         882,    1.765,    1.765}],     
 { {'Elixir.Enum',take,2},                      882,    1.765,    1.765},     %
 [ ]}.

{[{{'Elixir.WeiqiDMC.Board',compute_move,2},     92,  208.215,    1.357}],     
 { {'Elixir.WeiqiDMC.Board',compute_valid_move,3},  92,  208.215,    1.357},     %
 [{{'Elixir.WeiqiDMC.Board',process_move,5},     92,   90.387,    2.467},      
  {{'Elixir.WeiqiDMC.Board',process_capture,4},  92,   88.067,    0.311},      
  {{'Elixir.WeiqiDMC.Helpers',opposite_color,1},  92,    0.190,    0.190},      
  {{'Elixir.WeiqiDMC.Board',remove_ko,2},        92,    0.166,    0.166},      
  {{'Elixir.Enum',filter,2},                      9,   24.578,    0.041},      
  {{'Elixir.WeiqiDMC.Board',surroundings,2},      9,    1.076,    0.036},      
  {{'Elixir.List',first,1},                      18,    0.032,    0.032},      
  {{'Elixir.Set',to_list,1},                      9,    0.619,    0.025},      
  {{'Elixir.Enum',into,2},                        9,    1.728,    0.018},      
  {{'Elixir.HashSet',new,0},                      9,    0.015,    0.015}]}.    

{[{{'Elixir.WeiqiDMC.Board',process_move,5},     92,    1.746,    1.024},      
  {{'Elixir.WeiqiDMC.Board',process_capture_group,3},  25,    0.443,    0.258}],     
 { {'Elixir.WeiqiDMC.Board.State',update_board,3}, 117,    2.189,    1.282},     %
 [{{'Elixir.WeiqiDMC.Board.State',coordinate_to_index,2}, 117,    0.309,    0.302},      
  {{erlang,delete_element,2},                   117,    0.275,    0.275},      
  {{erlang,insert_element,3},                   117,    0.268,    0.268},      
  {garbage_collect,                               6,    0.055,    0.055}]}.    

{[{{'Elixir.WeiqiDMC.Board.State',empty_coordinates,1},  98,  286.562,    1.272}],     
 { {'Elixir.WeiqiDMC.Board.State',to_list,1},    98,  286.562,    1.272},     %
 [{{'Elixir.Enum',map,2},                        98,  176.191,    0.455},      
  {{'Elixir.Enum',with_index,1},                 98,    7.875,    0.416},      
  {{'Elixir.List',flatten,1},                    98,   36.460,    0.250},      
  {{'Elixir.Enum',chunk,2},                      98,   64.498,    0.238},      
  {{erlang,tuple_to_list,1},                     98,    0.212,    0.212},      
  {garbage_collect,                               5,    0.054,    0.054}]}.    

{[{{'Elixir.Enum','-reduce/3-lists^foldl/2-0-',3}, 280,    5.366,    1.259}],     
 { {'Elixir.Enum','-reject/2-fun-0-',3},        280,    5.366,    1.259},     %
 [{{'Elixir.WeiqiDMC.Board','-process_capture_group/3-fun-0-',2}, 280,    4.107,    0.705}]}.    

{[{{'Elixir.WeiqiDMC.Player.MCRave',sim_default,2},  98,    0.000,    1.157},      
  {{fprof,apply_start_stop,4},                    1, 7653.611,    0.018}],     
 { {'Elixir.WeiqiDMC.Player.MCRave',sim_default,2},  99, 7653.611,    1.175},     %
 [{{'Elixir.WeiqiDMC.Player.MCRave',sim_default,2},  98,    0.000,    1.157},      
  {{'Elixir.WeiqiDMC.Player.MCRave',default_policy,1},  98, 7343.441,    1.025},      
  {{'Elixir.WeiqiDMC.Board',compute_move,3},     98,  308.108,    0.417},      
  {{erlang,'++',2},                              98,    0.235,    0.235},      
  {{'Elixir.WeiqiDMC.Player.MCRave','game_over?',1},  99,    0.194,    0.194},      
  {garbage_collect,                               2,    0.026,    0.026},      
  {{'Elixir.WeiqiDMC.Player.MCRave','outcome?',1},   1,    0.432,    0.003}]}.    

{[{{'Elixir.WeiqiDMC.Player.MCRave',sim_default,2},  98, 7343.441,    1.025}],     
 { {'Elixir.WeiqiDMC.Player.MCRave',default_policy,1},  98, 7343.441,    1.025},     %
 [{{'Elixir.Enum',filter,2},                     98, 3264.722,    0.433},      
  {{'Elixir.WeiqiDMC.Player.MCRave',legal_moves,1},  98, 4072.407,    0.430},      
  {{random,uniform,1},                           92,    1.193,    0.384},      
  {{'Elixir.Enum',at,2},                         92,    3.915,    0.206},      
  {{'Elixir.Enum','empty?',1},                   98,    0.179,    0.179}]}.    

{[{{'Elixir.Enum','-do_into/2-fun-0-',3},       263,    4.936,    0.640},      
  {{'Elixir.Enum',into,4},                      126,    0.255,    0.255}],     
 { {'Elixir.Collectable.HashSet','-into/1-fun-0-',2}, 389,    5.191,    0.895},     %
 [{{'Elixir.HashSet',put,2},                    263,    4.296,    1.766}]}.    

{[{{'Elixir.Collectable','impl_for!',1},        126,   15.502,    0.887}],     
 { {'Elixir.Collectable',impl_for,1},           126,   15.502,    0.887},     %
 [{{'Elixir.Collectable','impl_for?',1},        126,    9.924,    0.626},      
  {{'Elixir.Collectable.HashSet','__impl__',1}, 126,    0.300,    0.300},      
  {{'Elixir.Module',concat,2},                  126,    4.391,    0.290}]}.    

{[{{'Elixir.Enum',chunk,2},                      98,   64.260,    0.846}],     
 { {'Elixir.Enum',chunk,4},                      98,   64.260,    0.846},     %
 [{{lists,reverse,1},                            98,    0.587,    0.393},      
  {{'Elixir.Enum',reduce,3},                     98,   62.595,    0.249},      
  {{erlang,max,2},                               98,    0.222,    0.222},      
  {garbage_collect,                               1,    0.010,    0.010}]}.    

{[{{'Elixir.Enum','-filter/2-fun-0-',3},         85,   23.848,    0.793}],     
 { {'Elixir.WeiqiDMC.Board','-compute_valid_move/3-fun-0-',3},  85,   23.848,    0.793},     %
 [{{'Elixir.Set',to_list,1},                    170,   22.010,    0.358},      
  {{'Elixir.Set','member?',2},                   85,    0.865,    0.185},      
  {{'Elixir.List',first,1},                      85,    0.180,    0.180}]}.    

{[{{'Elixir.WeiqiDMC.Board','-process_capture_group/3-fun-1-',3}, 265,    1.288,    0.740},      
  {{'Elixir.WeiqiDMC.Board',process_capture,4},  15,    0.061,    0.033},      
  {{'Elixir.WeiqiDMC.Player.MCRave',count_stones,2},   2,    0.006,    0.004}],     
 { {'Elixir.Set',size,1},                       282,    1.355,    0.777},     %
 [{{'Elixir.HashSet',size,1},                   282,    0.578,    0.578}]}.    

{[{{'Elixir.WeiqiDMC.Board','-process_capture_group/3-fun-1-',3}, 265,   62.962,    0.753}],     
 { {'Elixir.Set',intersection,2},               265,   62.962,    0.753},     %
 [{{'Elixir.HashSet',intersection,2},           265,   62.202,    0.736},      
  {garbage_collect,                               1,    0.007,    0.007}]}.    

{[{{'Elixir.Set',intersection,2},               265,   62.202,    0.736}],     
 { {'Elixir.HashSet',intersection,2},           265,   62.202,    0.736},     %
 [{{'Elixir.HashSet',set_fold,3},               265,   61.466,    0.736}]}.    

{[{{'Elixir.Enum','-reject/2-fun-0-',3},        280,    4.107,    0.705}],     
 { {'Elixir.WeiqiDMC.Board','-process_capture_group/3-fun-0-',2}, 280,    4.107,    0.705},     %
 [{{'Elixir.Set','member?',2},                  280,    3.402,    0.730}]}.    

{[{{'Elixir.WeiqiDMC.Player.MCRave',legal_moves,1},  98,  405.709,    0.667}],     
 { {'Elixir.WeiqiDMC.Board.State',empty_coordinates,1},  98,  405.709,    0.667},     %
 [{{'Elixir.WeiqiDMC.Board.State',to_list,1},    98,  286.562,    1.272},      
  {{'Elixir.Enum',filter,2},                     98,   79.951,    0.497},      
  {{'Elixir.Enum',map,2},                        98,   38.529,    0.439}]}.    

{[{{'Elixir.WeiqiDMC.Board',compute_move,3},     98,  307.086,    0.663}],     
 { {'Elixir.WeiqiDMC.Board',compute_move,2},     98,  307.086,    0.663},     %
 [{{'Elixir.WeiqiDMC.Board',pre_compute_valide_move,2},  92,   97.993,    2.091},      
  {{'Elixir.WeiqiDMC.Board',compute_valid_move,3},  92,  208.215,    1.357},      
  {{'Elixir.WeiqiDMC.Board.State',board_value,2},  92,    0.172,    0.172},      
  {{'Elixir.WeiqiDMC.Board',force_opposite_player,1},   6,    0.029,    0.019},      
  {{'Elixir.WeiqiDMC.Board',remove_ko,2},         6,    0.008,    0.008},      
  {suspend,                                       1,    0.006,    0.000}]}.    

{[{{'Elixir.Enum',into,2},                      126,   25.834,    0.661}],     
 { {'Elixir.Enum',do_into,2},                   126,   25.834,    0.661},     %
 [{{'Elixir.Enum',into,4},                      126,    8.311,    0.634},      
  {{'Elixir.Collectable',into,1},               126,   16.862,    0.589}]}.    

{[{{'Elixir.Enum','-reduce/3-lists^foldl/2-0-',3}, 263,    5.573,    0.637}],     
 { {'Elixir.Enum','-do_into/2-fun-0-',3},       263,    5.573,    0.637},     %
 [{{'Elixir.Collectable.HashSet','-into/1-fun-0-',2}, 263,    4.936,    0.640}]}.    

{[{{'Elixir.Enum',do_into,2},                   126,    8.311,    0.634}],     
 { {'Elixir.Enum',into,4},                      126,    8.311,    0.634},     %
 [{{'Elixir.Enum',reduce,3},                    126,    7.422,    0.310},      
  {{'Elixir.Collectable.HashSet','-into/1-fun-0-',2}, 126,    0.255,    0.255}]}.    

{[{{'Elixir.Collectable',impl_for,1},           126,    9.924,    0.626}],     
 { {'Elixir.Collectable','impl_for?',1},        126,    9.924,    0.626},     %
 [{{'Elixir.Kernel','function_exported?',3},    126,    0.851,    0.556},      
  {{'Elixir.Code','ensure_compiled?',1},        126,    8.447,    0.514}]}.    

{[{{'Elixir.Enum',do_into,2},                   126,   16.862,    0.589}],     
 { {'Elixir.Collectable',into,1},               126,   16.862,    0.589},     %
 [{{'Elixir.Collectable','impl_for!',1},        126,   15.994,    0.492},      
  {{'Elixir.Collectable.HashSet',into,1},       126,    0.279,    0.279}]}.    

{[{{'Elixir.Set',size,1},                       282,    0.578,    0.578}],     
 { {'Elixir.HashSet',size,1},                   282,    0.578,    0.578},     %
 [ ]}.

{[{{random,uniform,1},                           92,    0.809,    0.577}],     
 { {random,uniform,0},                           92,    0.809,    0.577},     %
 [{{erlang,put,2},                               92,    0.226,    0.226},      
  {garbage_collect,                               1,    0.006,    0.006}]}.    

{[{{'Elixir.Collectable',into,1},               126,   15.994,    0.492}],     
 { {'Elixir.Collectable','impl_for!',1},        126,   15.994,    0.492},     %
 [{{'Elixir.Collectable',impl_for,1},           126,   15.502,    0.887}]}.    

{[{{'Elixir.WeiqiDMC.Board',process_capture,4},  15,   86.370,    0.271},      
  {{'Elixir.WeiqiDMC.Board',process_capture_group,3},  25,    0.000,    0.186}],     
 { {'Elixir.WeiqiDMC.Board',process_capture_group,3},  40,   86.370,    0.457},     %
 [{{'Elixir.WeiqiDMC.Board.State',update_board,3},  25,    0.443,    0.258},      
  {{'Elixir.WeiqiDMC.Board',process_capture_group,3},  25,    0.000,    0.186},      
  {{'Elixir.Enum',map,2},                        25,   69.839,    0.132},      
  {{'Elixir.Enum',reject,2},                     25,    7.143,    0.126},      
  {{'Elixir.WeiqiDMC.Board',surroundings,2},     25,    3.328,    0.113},      
  {{'Elixir.Enum',into,2},                       25,    5.109,    0.062},      
  {{'Elixir.HashSet',new,0},                     25,    0.051,    0.051}]}.    

{[{{'Elixir.WeiqiDMC.Player.MCRave',sim_default,2},  98,    0.235,    0.235},      
  {{'Elixir.WeiqiDMC.Board',process_move,5},     92,    0.204,    0.204}],     
 { {erlang,'++',2},                             190,    0.439,    0.439},     %
 [ ]}.

{[{{'Elixir.WeiqiDMC.Player.MCRave',default_policy,1},  98, 4072.407,    0.430}],     
 { {'Elixir.WeiqiDMC.Player.MCRave',legal_moves,1},  98, 4072.407,    0.430},     %
 [{{'Elixir.WeiqiDMC.Board.State',empty_coordinates,1},  98,  405.709,    0.667},      
  {{'Elixir.Enum',filter,2},                     98, 3666.268,    0.452}]}.    

{[{{'Elixir.WeiqiDMC.Player.MCRave',sim_default,2},  98,  308.108,    0.417}],     
 { {'Elixir.WeiqiDMC.Board',compute_move,3},     98,  308.108,    0.417},     %
 [{{'Elixir.WeiqiDMC.Board',compute_move,2},     98,  307.086,    0.663},      
  {{'Elixir.WeiqiDMC.Board',force_next_player,2},  98,    0.600,    0.415},      
  {suspend,                                       1,    0.005,    0.000}]}.    

{[{{'Elixir.WeiqiDMC.Board',compute_move,3},     98,    0.600,    0.415}],     
 { {'Elixir.WeiqiDMC.Board',force_next_player,2},  98,    0.600,    0.415},     %
 [{{'Elixir.WeiqiDMC.Helpers',normalize_color,1},  98,    0.185,    0.185}]}.    

{[{{'Elixir.WeiqiDMC.Player.MCRave',default_policy,1},  92,    1.193,    0.384}],     
 { {random,uniform,1},                           92,    1.193,    0.384},     %
 [{{random,uniform,0},                           92,    0.809,    0.577}]}.    

{[{{'Elixir.WeiqiDMC.Board',compute_valid_move,3},  92,   88.067,    0.311},      
  {{'Elixir.WeiqiDMC.Board',process_capture,4},  15,    0.000,    0.034}],     
 { {'Elixir.WeiqiDMC.Board',process_capture,4}, 107,   88.067,    0.345},     %
 [{{'Elixir.WeiqiDMC.Board',process_capture_group,3},  15,   86.370,    0.271},      
  {{'Elixir.Set',to_list,1},                     15,    1.291,    0.041},      
  {{'Elixir.WeiqiDMC.Board',process_capture,4},  15,    0.000,    0.034},      
  {{'Elixir.Set',size,1},                        15,    0.061,    0.033}]}.    

{[{{'Elixir.WeiqiDMC.Board',process_move,5},     92,    1.775,    0.250},      
  {{'Elixir.WeiqiDMC.Board','-process_capture_group/3-fun-1-',3},  33,    0.659,    0.081}],     
 { {'Elixir.Set',put,2},                        125,    2.434,    0.331},     %
 [{{'Elixir.HashSet',put,2},                    125,    2.103,    0.771}]}.    

{[{{'Elixir.Enum',at,2},                         92,    3.709,    0.326}],     
 { {'Elixir.Enum',at,3},                         92,    3.709,    0.326},     %
 [{{'Elixir.Enum',fetch,2},                      92,    3.383,    0.231}]}.    

{[{{'Elixir.WeiqiDMC.Board',process_move,5},     92,   19.310,    0.233},      
  {{'Elixir.WeiqiDMC.Board',process_capture_group,3},  25,    5.109,    0.062},      
  {{'Elixir.WeiqiDMC.Board',compute_valid_move,3},   9,    1.728,    0.018}],     
 { {'Elixir.Enum',into,2},                      126,   26.147,    0.313},     %
 [{{'Elixir.Enum',do_into,2},                   126,   25.834,    0.661}]}.    

{[{{'Elixir.WeiqiDMC.Board.State',update_board,3}, 117,    0.309,    0.302}],     
 { {'Elixir.WeiqiDMC.Board.State',coordinate_to_index,2}, 117,    0.309,    0.302},     %
 [{garbage_collect,                               1,    0.007,    0.007}]}.    

{[{{'Elixir.Collectable',impl_for,1},           126,    0.300,    0.300}],     
 { {'Elixir.Collectable.HashSet','__impl__',1}, 126,    0.300,    0.300},     %
 [ ]}.

{[{{'Elixir.Collectable',into,1},               126,    0.279,    0.279}],     
 { {'Elixir.Collectable.HashSet',into,1},       126,    0.279,    0.279},     %
 [ ]}.

{[{{'Elixir.WeiqiDMC.Board.State',update_board,3}, 117,    0.275,    0.275}],     
 { {erlang,delete_element,2},                   117,    0.275,    0.275},     %
 [ ]}.

{[{{'Elixir.WeiqiDMC.Board.State',update_board,3}, 117,    0.268,    0.268}],     
 { {erlang,insert_element,3},                   117,    0.268,    0.268},     %
 [ ]}.

{[{{'Elixir.List',flatten,1},                    98,   36.210,    0.253}],     
 { {lists,flatten,1},                            98,   36.210,    0.253},     %
 [{{lists,do_flatten,2},                         98,   35.957,    7.023}]}.    

{[{{'Elixir.WeiqiDMC.Board.State',to_list,1},    98,   36.460,    0.250}],     
 { {'Elixir.List',flatten,1},                    98,   36.460,    0.250},     %
 [{{lists,flatten,1},                            98,   36.210,    0.253}]}.    

{[{{'Elixir.WeiqiDMC.Board.State',to_list,1},    98,   64.498,    0.238}],     
 { {'Elixir.Enum',chunk,2},                      98,   64.498,    0.238},     %
 [{{'Elixir.Enum',chunk,4},                      98,   64.260,    0.846}]}.    

{[{{'Elixir.Enum',at,3},                         92,    3.383,    0.231}],     
 { {'Elixir.Enum',fetch,2},                      92,    3.383,    0.231},     %
 [{{'Elixir.Enum',do_fetch,2},                   92,    3.152,    0.194}]}.    

{[{{random,uniform,0},                           92,    0.226,    0.226}],     
 { {erlang,put,2},                               92,    0.226,    0.226},     %
 [ ]}.

{[{{'Elixir.Enum',chunk,4},                      98,    0.222,    0.222}],     
 { {erlang,max,2},                               98,    0.222,    0.222},     %
 [ ]}.

{[{{'Elixir.WeiqiDMC.Board',process_move,5},    104,    6.822,    0.217}],     
 { {'Elixir.Enum',reduce,2},                    104,    6.822,    0.217},     %
 [{{'Elixir.Enum',reduce,3},                    104,    6.605,    0.230}]}.    

{[{{'Elixir.WeiqiDMC.Board.State',to_list,1},    98,    0.212,    0.212}],     
 { {erlang,tuple_to_list,1},                     98,    0.212,    0.212},     %
 [ ]}.

{[{{'Elixir.WeiqiDMC.Board','-compute_valid_move/3-fun-0-',3},  85,    0.180,    0.180},      
  {{'Elixir.WeiqiDMC.Board',compute_valid_move,3},  18,    0.032,    0.032}],     
 { {'Elixir.List',first,1},                     103,    0.212,    0.212},     %
 [ ]}.

{[{{'Elixir.WeiqiDMC.Board',process_move,5},     52,    0.206,    0.206}],     
 { {erlang,'--',2},                              52,    0.206,    0.206},     %
 [ ]}.

{[{{'Elixir.WeiqiDMC.Player.MCRave',default_policy,1},  92,    3.915,    0.206}],     
 { {'Elixir.Enum',at,2},                         92,    3.915,    0.206},     %
 [{{'Elixir.Enum',at,3},                         92,    3.709,    0.326}]}.    

{[{{'Elixir.WeiqiDMC.Player.MCRave',sim_default,2},  99,    0.194,    0.194}],     
 { {'Elixir.WeiqiDMC.Player.MCRave','game_over?',1},  99,    0.194,    0.194},     %
 [ ]}.

{[{{'Elixir.WeiqiDMC.Board',force_next_player,2},  98,    0.185,    0.185}],     
 { {'Elixir.WeiqiDMC.Helpers',normalize_color,1},  98,    0.185,    0.185},     %
 [ ]}.

{[{{'Elixir.WeiqiDMC.Board',compute_valid_move,3},  92,    0.166,    0.166},      
  {{'Elixir.WeiqiDMC.Board',compute_move,2},      6,    0.008,    0.008}],     
 { {'Elixir.WeiqiDMC.Board',remove_ko,2},        98,    0.174,    0.174},     %
 [ ]}.

{[{{'Elixir.HashSet',do_fold_each,3},            76,    1.389,    0.163}],     
 { {'Elixir.HashSet','-union/2-fun-0-',2},       76,    1.389,    0.163},     %
 [{{'Elixir.HashSet',put,2},                     76,    1.226,    0.461}]}.    

{[{{'Elixir.Enum','-map/2-fun-0-',3},            74,    0.156,    0.156}],     
 { {'Elixir.WeiqiDMC.Board','-process_move/5-fun-2-',1},  74,    0.156,    0.156},     %
 [ ]}.

{[{{'Elixir.HashSet',do_delete,3},               25,    0.213,    0.148},      
  {{'Elixir.HashSet',do_compact_node,1},          1,    0.000,    0.008}],     
 { {'Elixir.HashSet',do_compact_node,1},         26,    0.213,    0.156},     %
 [{{erlang,setelement,3},                        26,    0.057,    0.057},      
  {{'Elixir.HashSet',do_compact_node,1},          1,    0.000,    0.008}]}.    

{[{{'Elixir.Enum','-map/2-fun-0-',3},            74,    0.152,    0.152}],     
 { {'Elixir.WeiqiDMC.Board','-process_move/5-fun-4-',1},  74,    0.152,    0.152},     %
 [ ]}.

{[{{'Elixir.WeiqiDMC.Board','-process_move/5-fun-3-',2},  22,    2.785,    0.078},      
  {{'Elixir.WeiqiDMC.Board','-process_move/5-fun-5-',2},  22,    3.079,    0.062},      
  {{'Elixir.WeiqiDMC.Player.MCRave','-count_stones/2-fun-1-',2},   6,    0.291,    0.008}],     
 { {'Elixir.Set',union,2},                       50,    6.155,    0.148},     %
 [{{'Elixir.HashSet',union,2},                   50,    6.007,    0.119}]}.    

{[{{'Elixir.WeiqiDMC.Board',process_capture_group,3},  25,    7.143,    0.126}],     
 { {'Elixir.Enum',reject,2},                     25,    7.143,    0.126},     %
 [{{lists,reverse,1},                            25,    0.204,    0.129},      
  {{'Elixir.Enum',reduce,3},                     25,    6.813,    0.070}]}.    

{[{{'Elixir.Set',union,2},                       50,    6.007,    0.119}],     
 { {'Elixir.HashSet',union,2},                   50,    6.007,    0.119},     %
 [{{'Elixir.HashSet',set_fold,3},                50,    5.888,    0.097}]}.    

{[{{'Elixir.HashSet',do_fold_each,3},            40,    0.748,    0.080}],     
 { {'Elixir.HashSet','-union/2-fun-1-',2},       40,    0.748,    0.080},     %
 [{{'Elixir.HashSet',put,2},                     40,    0.668,    0.225}]}.    

{[{{'Elixir.Enum','-reduce/3-lists^foldl/2-0-',3},  22,    2.849,    0.064}],     
 { {'Elixir.WeiqiDMC.Board','-process_move/5-fun-3-',2},  22,    2.849,    0.064},     %
 [{{'Elixir.Set',union,2},                       22,    2.785,    0.078}]}.    

{[{{'Elixir.Enum','-reduce/3-lists^foldl/2-0-',3},  22,    3.127,    0.048}],     
 { {'Elixir.WeiqiDMC.Board','-process_move/5-fun-5-',2},  22,    3.127,    0.048},     %
 [{{'Elixir.Set',union,2},                       22,    3.079,    0.062}]}.    

{[{{'Elixir.WeiqiDMC.Board',compute_move,2},      6,    0.029,    0.019}],     
 { {'Elixir.WeiqiDMC.Board',force_opposite_player,1},   6,    0.029,    0.019},     %
 [{{'Elixir.WeiqiDMC.Helpers',opposite_color,1},   6,    0.010,    0.010}]}.    

{[{undefined,                                     0, 7653.629,    0.015}],     
 { {fprof,apply_start_stop,4},                    0, 7653.629,    0.015},     %
 [{{'Elixir.WeiqiDMC.Player.MCRave',sim_default,2},   1, 7653.611,    0.018},      
  {{fprof,'-apply_start_stop/4-after$^0/0-0-',3},   1,    0.003,    0.003}]}.    

{[{{'Elixir.WeiqiDMC.Player.MCRave','black_wins?',1},   2,    0.422,    0.011}],     
 { {'Elixir.WeiqiDMC.Player.MCRave',count_stones,2},   2,    0.422,    0.011},     %
 [{{'Elixir.Enum',map,2},                         2,    0.076,    0.007},      
  {{'Elixir.Set',size,1},                         2,    0.006,    0.004},      
  {{'Elixir.HashSet',new,0},                      2,    0.003,    0.003},      
  {{'Elixir.Enum',reduce,3},                      2,    0.326,    0.003}]}.    

{[{{'Elixir.Enum','-reduce/3-lists^foldl/2-0-',3},   6,    0.302,    0.011}],     
 { {'Elixir.WeiqiDMC.Player.MCRave','-count_stones/2-fun-1-',2},   6,    0.302,    0.011},     %
 [{{'Elixir.Set',union,2},                        6,    0.291,    0.008}]}.    

{[{{'Elixir.Enum','-map/2-fun-0-',3},             6,    0.013,    0.010}],     
 { {'Elixir.WeiqiDMC.Player.MCRave','-count_stones/2-fun-0-',2},   6,    0.013,    0.010},     %
 [{{'Elixir.HashSet',new,0},                      3,    0.003,    0.003}]}.    

{[{{'Elixir.WeiqiDMC.Player.MCRave','outcome?',1},   1,    0.429,    0.007}],     
 { {'Elixir.WeiqiDMC.Player.MCRave','black_wins?',1},   1,    0.429,    0.007},     %
 [{{'Elixir.WeiqiDMC.Player.MCRave',count_stones,2},   2,    0.422,    0.011}]}.    

{[{{fprof,apply_start_stop,4},                    1,    0.003,    0.003}],     
 { {fprof,'-apply_start_stop/4-after$^0/0-0-',3},   1,    0.003,    0.003},     %
 [{suspend,                                       1,    0.000,    0.000}]}.    

{[{{'Elixir.WeiqiDMC.Player.MCRave',sim_default,2},   1,    0.432,    0.003}],     
 { {'Elixir.WeiqiDMC.Player.MCRave','outcome?',1},   1,    0.432,    0.003},     %
 [{{'Elixir.WeiqiDMC.Player.MCRave','black_wins?',1},   1,    0.429,    0.007}]}.    

{[ ],
 { undefined,                                     0,    0.000,    0.000},     %
 [{{fprof,apply_start_stop,4},                    0, 7653.629,    0.015}]}.    

{[{{lists,do_flatten,2},                          1,    0.007,    0.000},      
  {{fprof,'-apply_start_stop/4-after$^0/0-0-',3},   1,    0.000,    0.000},      
  {{code_server,call,2},                       2510,   28.194,    0.000},      
  {{code,ensure_loaded,1},                        2,    0.006,    0.000},      
  {{'Elixir.WeiqiDMC.Player.MCRave','ruin_perfectly_good_eye?',2},   2,    0.010,    0.000},      
  {{'Elixir.WeiqiDMC.Player.MCRave','-ruin_perfectly_good_eye?/2-fun-0-',3},  14,    0.048,    0.000},      
  {{'Elixir.WeiqiDMC.Board',surroundings,2},      6,    0.035,    0.000},      
  {{'Elixir.WeiqiDMC.Board',pre_compute_valide_move,2},   5,    0.031,    0.000},      
  {{'Elixir.WeiqiDMC.Board','is_eyeish_for?',3},   8,    0.044,    0.000},      
  {{'Elixir.WeiqiDMC.Board',group_containing,2},   1,    0.005,    0.000},      
  {{'Elixir.WeiqiDMC.Board',compute_move,3},      1,    0.005,    0.000},      
  {{'Elixir.WeiqiDMC.Board',compute_move,2},      1,    0.006,    0.000},      
  {{'Elixir.WeiqiDMC.Board','-surroundings/2-fun-0-',3},   7,    0.033,    0.000},      
  {{'Elixir.WeiqiDMC.Board','-pre_compute_valide_move/2-fun-7-',2},   1,    0.002,    0.000},      
  {{'Elixir.WeiqiDMC.Board','-pre_compute_valide_move/2-fun-3-',3},   1,    0.006,    0.000},      
  {{'Elixir.WeiqiDMC.Board','-pre_compute_valide_move/2-fun-1-',3},   3,    0.025,    0.000},      
  {{'Elixir.WeiqiDMC.Board','-pre_compute_valide_move/2-fun-0-',2},   1,    0.006,    0.000},      
  {{'Elixir.WeiqiDMC.Board','-is_eyeish_for?/3-fun-0-',2},   6,    0.031,    0.000},      
  {{'Elixir.WeiqiDMC.Board','-group_containing/2-fun-0-',2},   5,    0.018,    0.000},      
  {{'Elixir.Set',to_list,1},                      9,    0.049,    0.000},      
  {{'Elixir.Set','member?',2},                    5,    0.052,    0.000},      
  {{'Elixir.Set',delete,2},                       1,    0.003,    0.000},      
  {{'Elixir.HashSet',to_list,1},                 30,    0.158,    0.000},      
  {{'Elixir.HashSet',set_fold,3},                11,    0.054,    0.000},      
  {{'Elixir.HashSet',put,2},                      1,    0.003,    0.000},      
  {{'Elixir.HashSet','member?',2},               10,    0.047,    0.000},      
  {{'Elixir.HashSet',do_fold_each,3},            36,    0.170,    0.000},      
  {{'Elixir.HashSet',do_fold,4},                314,    1.451,    0.000},      
  {{'Elixir.Enum',uniq_by,2},                     4,    0.028,    0.000},      
  {{'Elixir.Enum',sum,1},                         1,    0.012,    0.000},      
  {{'Elixir.Enum',reduce,3},                     13,    0.076,    0.000},      
  {{'Elixir.Enum',map,2},                        13,    0.048,    0.000},      
  {{'Elixir.Enum',filter,2},                      8,    0.033,    0.000},      
  {{'Elixir.Enum',do_uniq,3},                     3,    0.013,    0.000},      
  {{'Elixir.Enum',do_find,3},                    10,    0.046,    0.000},      
  {{'Elixir.Enum','do_any?',2},                  59,    0.333,    0.000},      
  {{'Elixir.Enum','any?',2},                      2,    0.011,    0.000},      
  {{'Elixir.Enum','-reduce/3-lists^foldl/2-0-',3},  91,    0.437,    0.000},      
  {{'Elixir.Enum','-map_reduce/3-lists^mapfoldl/2-0-',3},   1,    0.003,    0.000},      
  {{'Elixir.Enum','-map/2-fun-0-',3},            20,    0.091,    0.000},      
  {{'Elixir.Enum','-filter/2-fun-0-',3},         20,    0.349,    0.000}],     
 { suspend,                                    3238,   31.979,    0.000},     %
 [ ]}.


